Index mssql-new-auditlog-2023.11.19  processed
Index mssql-new-auditlog-2023.11.18  processed
Index mssql-new-auditlog-2023.11.19  processed
Index mssql-new-auditlog-2023.11.18  processed
Index mssql-new-auditlog-2023.11.19  processed
Index mssql-new-auditlog-2023.11.18  processed
Index mssql-new-auditlog-2023.11.19  processed
Index mssql-new-auditlog-2023.11.18  processed
Tue Nov 21 05:53:09 PM MSK 2023
Started migration for index hdfs-audit-2023.11.19
Tue Nov 21 08:51:35 PM MSK 2023
Index hdfs-audit-2023.11.19 processed
Tue Nov 21 08:51:35 PM MSK 2023
Started migration for index hdfs-audit-2023.11.18
Wed Nov 22 12:04:24 AM MSK 2023
Index hdfs-audit-2023.11.18 processed
Wed Nov 22 12:04:24 AM MSK 2023
Started migration for index hdfs-audit-2023.11.17
Wed Nov 22 03:26:50 AM MSK 2023
Index hdfs-audit-2023.11.17 processed
Wed Nov 22 03:26:50 AM MSK 2023
Started migration for index hdfs-audit-2023.11.16
Wed Nov 22 07:08:26 AM MSK 2023
Index hdfs-audit-2023.11.16 processed
Wed Nov 22 07:08:26 AM MSK 2023
Started migration for index hdfs-audit-2023.11.15
Wed Nov 22 11:01:59 AM MSK 2023
Index hdfs-audit-2023.11.15 processed
Wed Nov 22 11:01:59 AM MSK 2023
Started migration for index hdfs-audit-2023.11.14
Wed Nov 22 02:32:25 PM MSK 2023
Index hdfs-audit-2023.11.14 processed
Wed Nov 22 02:32:25 PM MSK 2023
Started migration for index hdfs-audit-2023.11.12
Wed Nov 22 05:59:28 PM MSK 2023
Index hdfs-audit-2023.11.12 processed
Wed Nov 22 05:59:28 PM MSK 2023
Started migration for index hdfs-audit-2023.11.11
Wed Nov 22 09:01:37 PM MSK 2023
Index hdfs-audit-2023.11.11 processed
Wed Nov 22 09:01:37 PM MSK 2023
Started migration for index hdfs-audit-2023.11.10
Thu Nov 23 12:55:49 AM MSK 2023
Index hdfs-audit-2023.11.10 processed
Thu Nov 23 12:55:49 AM MSK 2023
Started migration for index hdfs-audit-2023.11.09
Thu Nov 23 04:44:52 AM MSK 2023
Index hdfs-audit-2023.11.09 processed
Thu Nov 23 04:44:52 AM MSK 2023
Started migration for index hdfs-audit-2023.11.08
Thu Nov 23 08:42:10 AM MSK 2023
Index hdfs-audit-2023.11.08 processed
Thu Nov 23 08:42:10 AM MSK 2023
Started migration for index hdfs-audit-2023.11.07
Thu Nov 23 12:50:36 PM MSK 2023
Index hdfs-audit-2023.11.07 processed
Thu Nov 23 12:50:36 PM MSK 2023
Started migration for index hdfs-audit-2023.11.06
Thu Nov 23 04:31:49 PM MSK 2023
Index hdfs-audit-2023.11.06 processed
Thu Nov 23 04:31:49 PM MSK 2023
Started migration for index hdfs-audit-2023.11.05
Thu Nov 23 07:53:49 PM MSK 2023
Index hdfs-audit-2023.11.05 processed
Thu Nov 23 07:53:49 PM MSK 2023
Started migration for index hdfs-audit-2023.11.04
Thu Nov 23 11:23:21 PM MSK 2023
Index hdfs-audit-2023.11.04 processed
Thu Nov 23 11:23:21 PM MSK 2023
Started migration for index hdfs-audit-2023.11.03
Fri Nov 24 04:01:50 AM MSK 2023
Index hdfs-audit-2023.11.03 processed
Fri Nov 24 04:01:50 AM MSK 2023
Started migration for index hdfs-audit-2023.11.02
Fri Nov 24 08:12:48 AM MSK 2023
Index hdfs-audit-2023.11.02 processed
Fri Nov 24 08:12:48 AM MSK 2023
Started migration for index hdfs-audit-2023.11.01
Fri Nov 24 01:09:36 PM MSK 2023
Index hdfs-audit-2023.11.01 processed
Fri Nov 24 01:09:36 PM MSK 2023
Started migration for index hdfs-audit-2023.10.31
Fri Nov 24 05:36:54 PM MSK 2023
Index hdfs-audit-2023.10.31 processed
Fri Nov 24 05:36:54 PM MSK 2023
Started migration for index hdfs-audit-2023.10.30
Fri Nov 24 10:05:23 PM MSK 2023
Index hdfs-audit-2023.10.30 processed
Fri Nov 24 10:05:23 PM MSK 2023
Started migration for index hdfs-audit-2023.10.29
Sat Nov 25 02:04:55 AM MSK 2023
Index hdfs-audit-2023.10.29 processed
Sat Nov 25 02:04:55 AM MSK 2023
Started migration for index hdfs-audit-2023.10.28
Sat Nov 25 05:52:21 AM MSK 2023
Index hdfs-audit-2023.10.28 processed
Sat Nov 25 05:52:21 AM MSK 2023
Started migration for index hdfs-audit-2023.10.27
Sat Nov 25 11:28:10 AM MSK 2023
Index hdfs-audit-2023.10.27 processed
Sat Nov 25 11:28:10 AM MSK 2023
Started migration for index hdfs-audit-2023.10.26
Sat Nov 25 05:15:30 PM MSK 2023
Index hdfs-audit-2023.10.26 processed
Sat Nov 25 05:15:30 PM MSK 2023
Started migration for index hdfs-audit-2023.10.25
Sat Nov 25 09:31:03 PM MSK 2023
Index hdfs-audit-2023.10.25 processed
Sat Nov 25 09:31:03 PM MSK 2023
Started migration for index hdfs-audit-2023.10.24
Sun Nov 26 01:33:46 AM MSK 2023
Index hdfs-audit-2023.10.24 processed
Sun Nov 26 01:33:46 AM MSK 2023
Started migration for index hdfs-audit-2023.10.23
Sun Nov 26 05:52:03 AM MSK 2023
Index hdfs-audit-2023.10.23 processed
Sun Nov 26 05:52:03 AM MSK 2023
Started migration for index hdfs-audit-2023.10.22
Sun Nov 26 09:17:14 AM MSK 2023
Index hdfs-audit-2023.10.22 processed
Sun Nov 26 09:17:14 AM MSK 2023
Started migration for index hdfs-audit-2023.10.21
Sun Nov 26 12:50:27 PM MSK 2023
Index hdfs-audit-2023.10.21 processed
Sun Nov 26 12:50:27 PM MSK 2023
Started migration for index hdfs-audit-2023.10.20
Sun Nov 26 05:03:36 PM MSK 2023
Index hdfs-audit-2023.10.20 processed
Sun Nov 26 05:03:36 PM MSK 2023
Started migration for index hdfs-audit-2023.10.19
Sun Nov 26 08:53:44 PM MSK 2023
Index hdfs-audit-2023.10.19 processed
Sun Nov 26 08:53:44 PM MSK 2023
Started migration for index hdfs-audit-2023.10.18
Mon Nov 27 01:03:06 AM MSK 2023
Index hdfs-audit-2023.10.18 processed
Mon Nov 27 01:03:06 AM MSK 2023
Started migration for index hdfs-audit-2023.10.17
Mon Nov 27 05:18:41 AM MSK 2023
Index hdfs-audit-2023.10.17 processed
Mon Nov 27 05:18:41 AM MSK 2023
Started migration for index hdfs-audit-2023.10.16
Mon Nov 27 09:58:53 AM MSK 2023
Index hdfs-audit-2023.10.16 processed
Mon Nov 27 09:58:53 AM MSK 2023
Started migration for index hdfs-audit-2023.10.15
Mon Nov 27 01:52:55 PM MSK 2023
Index hdfs-audit-2023.10.15 processed
Mon Nov 27 01:52:55 PM MSK 2023
Started migration for index hdfs-audit-2023.10.14
Mon Nov 27 05:54:37 PM MSK 2023
Index hdfs-audit-2023.10.14 processed
Mon Nov 27 05:54:37 PM MSK 2023
Started migration for index hdfs-audit-2023.10.13
Mon Nov 27 10:21:37 PM MSK 2023
Index hdfs-audit-2023.10.13 processed
Mon Nov 27 10:21:37 PM MSK 2023
Started migration for index hdfs-audit-2023.10.12
Tue Nov 28 01:56:59 AM MSK 2023
Index hdfs-audit-2023.10.12 processed
Tue Nov 28 01:56:59 AM MSK 2023
Started migration for index hdfs-audit-2023.10.11
Tue Nov 28 05:48:39 AM MSK 2023
Index hdfs-audit-2023.10.11 processed
Tue Nov 28 05:48:39 AM MSK 2023
Started migration for index hdfs-audit-2023.10.10
Tue Nov 28 09:34:15 AM MSK 2023
Index hdfs-audit-2023.10.10 processed
Tue Nov 28 09:34:15 AM MSK 2023
Started migration for index hdfs-audit-2023.10.09
Tue Nov 28 01:29:28 PM MSK 2023
Index hdfs-audit-2023.10.09 processed
Tue Nov 28 01:29:28 PM MSK 2023
Started migration for index hdfs-audit-2023.10.08
Tue Nov 28 05:13:14 PM MSK 2023
Index hdfs-audit-2023.10.08 processed
Tue Nov 28 05:13:14 PM MSK 2023
Started migration for index hdfs-audit-2023.10.07
Tue Nov 28 08:42:24 PM MSK 2023
Index hdfs-audit-2023.10.07 processed
Tue Nov 28 08:42:24 PM MSK 2023
Started migration for index hdfs-audit-2023.10.06
Wed Nov 29 12:25:48 AM MSK 2023
Index hdfs-audit-2023.10.06 processed
Wed Nov 29 12:25:48 AM MSK 2023
Started migration for index hdfs-audit-2023.10.05
Wed Nov 29 04:17:16 AM MSK 2023
Index hdfs-audit-2023.10.05 processed
Wed Nov 29 04:17:16 AM MSK 2023
Started migration for index hdfs-audit-2023.10.04
Wed Nov 29 08:20:43 AM MSK 2023
Index hdfs-audit-2023.10.04 processed
Wed Nov 29 08:20:43 AM MSK 2023
Started migration for index hdfs-audit-2023.10.03
Wed Nov 29 12:46:06 PM MSK 2023
Index hdfs-audit-2023.10.03 processed
Wed Nov 29 12:46:06 PM MSK 2023
Started migration for index hdfs-audit-2023.10.02
Wed Nov 29 04:53:15 PM MSK 2023
Index hdfs-audit-2023.10.02 processed
Wed Nov 29 04:53:15 PM MSK 2023
Started migration for index hdfs-audit-2023.10.01
Wed Nov 29 08:19:04 PM MSK 2023
Index hdfs-audit-2023.10.01 processed
Wed Nov 29 08:19:04 PM MSK 2023
Started migration for index hdfs-audit-2023.09.30
Wed Nov 29 11:37:11 PM MSK 2023
Index hdfs-audit-2023.09.30 processed
Wed Nov 29 11:37:11 PM MSK 2023
Started migration for index hdfs-audit-2023.09.29
Thu Nov 30 04:04:27 AM MSK 2023
Index hdfs-audit-2023.09.29 processed
Thu Nov 30 04:04:27 AM MSK 2023
Started migration for index hdfs-audit-2023.09.28
Thu Nov 30 08:23:58 AM MSK 2023
Index hdfs-audit-2023.09.28 processed
Thu Nov 30 08:23:58 AM MSK 2023
Started migration for index hdfs-audit-2023.09.27
Thu Nov 30 12:26:08 PM MSK 2023
Index hdfs-audit-2023.09.27 processed
Thu Nov 30 12:26:08 PM MSK 2023
Started migration for index hdfs-audit-2023.09.26
Thu Nov 30 04:15:13 PM MSK 2023
Index hdfs-audit-2023.09.26 processed
Thu Nov 30 04:15:13 PM MSK 2023
Started migration for index hdfs-audit-2023.09.25
Thu Nov 30 08:37:12 PM MSK 2023
Index hdfs-audit-2023.09.25 processed
Thu Nov 30 08:37:12 PM MSK 2023
Started migration for index hdfs-audit-2023.09.24
Thu Nov 30 11:40:41 PM MSK 2023
Index hdfs-audit-2023.09.24 processed
Thu Nov 30 11:40:41 PM MSK 2023
Started migration for index hdfs-audit-2023.09.23
Fri Dec  1 02:41:41 AM MSK 2023
Index hdfs-audit-2023.09.23 processed
Fri Dec  1 02:41:41 AM MSK 2023
Started migration for index hdfs-audit-2023.09.22
Fri Dec  1 06:32:39 AM MSK 2023
Index hdfs-audit-2023.09.22 processed
Fri Dec  1 06:32:40 AM MSK 2023
Started migration for index hdfs-audit-2023.09.21
Fri Dec  1 10:11:30 AM MSK 2023
Index hdfs-audit-2023.09.21 processed
Fri Dec  1 10:11:30 AM MSK 2023
Started migration for index hdfs-audit-2023.09.20
Fri Dec  1 02:25:03 PM MSK 2023
Index hdfs-audit-2023.09.20 processed
Fri Dec  1 02:25:03 PM MSK 2023
Started migration for index hdfs-audit-2023.09.19
Fri Dec  1 06:48:34 PM MSK 2023
Index hdfs-audit-2023.09.19 processed
Fri Dec  1 06:48:34 PM MSK 2023
Started migration for index hdfs-audit-2023.09.18
Fri Dec  1 10:26:26 PM MSK 2023
Index hdfs-audit-2023.09.18 processed
Fri Dec  1 10:26:26 PM MSK 2023
Started migration for index hdfs-audit-2023.09.17
Sat Dec  2 01:17:17 AM MSK 2023
Index hdfs-audit-2023.09.17 processed
Sat Dec  2 01:17:17 AM MSK 2023
Started migration for index hdfs-audit-2023.09.16
Sat Dec  2 04:06:49 AM MSK 2023
Index hdfs-audit-2023.09.16 processed
Sat Dec  2 04:06:49 AM MSK 2023
Started migration for index hdfs-audit-2023.09.15
Sat Dec  2 08:12:10 AM MSK 2023
Index hdfs-audit-2023.09.15 processed
Sat Dec  2 08:12:10 AM MSK 2023
Started migration for index hdfs-audit-2023.09.14
Sat Dec  2 11:56:30 AM MSK 2023
Index hdfs-audit-2023.09.14 processed
Sat Dec  2 11:56:30 AM MSK 2023
Started migration for index hdfs-audit-2023.09.13
Sat Dec  2 03:36:10 PM MSK 2023
Index hdfs-audit-2023.09.13 processed
Sat Dec  2 03:36:10 PM MSK 2023
Started migration for index hdfs-audit-2023.09.12
Sat Dec  2 07:19:14 PM MSK 2023
Index hdfs-audit-2023.09.12 processed
Sat Dec  2 07:19:14 PM MSK 2023
Started migration for index hdfs-audit-2023.09.11
Sat Dec  2 11:45:36 PM MSK 2023
Index hdfs-audit-2023.09.11 processed
Sat Dec  2 11:45:36 PM MSK 2023
Started migration for index hdfs-audit-2023.09.10
Sun Dec  3 02:44:17 AM MSK 2023
Index hdfs-audit-2023.09.10 processed
Sun Dec  3 02:44:17 AM MSK 2023
Started migration for index hdfs-audit-2023.09.09
Sun Dec  3 05:36:22 AM MSK 2023
Index hdfs-audit-2023.09.09 processed
Sun Dec  3 05:36:22 AM MSK 2023
Started migration for index hdfs-audit-2023.09.08
Sun Dec  3 08:44:30 AM MSK 2023
Index hdfs-audit-2023.09.08 processed
Sun Dec  3 08:44:30 AM MSK 2023
Started migration for index hdfs-audit-2023.09.07
Sun Dec  3 12:05:57 PM MSK 2023
Index hdfs-audit-2023.09.07 processed
Sun Dec  3 12:05:57 PM MSK 2023
Started migration for index hdfs-audit-2023.09.06
Sun Dec  3 03:41:11 PM MSK 2023
Index hdfs-audit-2023.09.06 processed
Sun Dec  3 03:41:11 PM MSK 2023
Started migration for index hdfs-audit-2023.09.05
Sun Dec  3 07:13:56 PM MSK 2023
Index hdfs-audit-2023.09.05 processed
Sun Dec  3 07:13:56 PM MSK 2023
Started migration for index hdfs-audit-2023.09.04
Sun Dec  3 10:37:35 PM MSK 2023
Index hdfs-audit-2023.09.04 processed
Sun Dec  3 10:37:35 PM MSK 2023
Started migration for index hdfs-audit-2023.09.03
Mon Dec  4 01:25:56 AM MSK 2023
Index hdfs-audit-2023.09.03 processed
Mon Dec  4 01:25:56 AM MSK 2023
Started migration for index hdfs-audit-2023.09.02
Mon Dec  4 04:29:26 AM MSK 2023
Index hdfs-audit-2023.09.02 processed
Mon Dec  4 04:29:26 AM MSK 2023
Started migration for index hdfs-audit-2023.09.01
Mon Dec  4 07:55:45 AM MSK 2023
Index hdfs-audit-2023.09.01 processed
Mon Dec  4 07:55:45 AM MSK 2023
Started migration for index hdfs-audit-2023.08.31
Mon Dec  4 11:13:16 AM MSK 2023
Index hdfs-audit-2023.08.31 processed
Mon Dec  4 11:13:16 AM MSK 2023
Started migration for index hdfs-audit-2023.08.30
Mon Dec  4 02:44:43 PM MSK 2023
Index hdfs-audit-2023.08.30 processed
Mon Dec  4 02:44:43 PM MSK 2023
Started migration for index hdfs-audit-2023.08.29
Mon Dec  4 03:09:20 PM MSK 2023
Index hdfs-audit-2023.08.29 processed
